ERROR - 2024-10-03 10:17:21 --> mysqli_sql_exception: No database selected in F:\crm-web-backend\system\Database\MySQLi\Connection.php:306
Stack trace:
#0 F:\crm-web-backend\system\Database\MySQLi\Connection.php(306): mysqli->query('SELECT *\nFROM `...', 0)
#1 F:\crm-web-backend\system\Database\BaseConnection.php(692): CodeIgniter\Database\MySQLi\Connection->execute('SELECT *\nFROM `...')
#2 F:\crm-web-backend\system\Database\BaseConnection.php(606): CodeIgniter\Database\BaseConnection->simpleQuery('SELECT *\nFROM `...')
#3 F:\crm-web-backend\system\Database\BaseBuilder.php(1615): CodeIgniter\Database\BaseConnection->query('SELECT *\nFROM `...', Array, false)
#4 F:\crm-web-backend\system\Model.php(237): CodeIgniter\Database\BaseBuilder->get()
#5 F:\crm-web-backend\system\BaseModel.php(624): CodeIgniter\Model->doFindAll(20, 0)
#6 F:\crm-web-backend\app\Controllers\Customers\CustomerController.php(22): CodeIgniter\BaseModel->findAll(20, 0)
#7 F:\crm-web-backend\system\CodeIgniter.php(919): App\Controllers\Customers\CustomerController->fetchCustomer()
#8 F:\crm-web-backend\system\CodeIgniter.php(494): CodeIgniter\CodeIgniter->runController(Object(App\Controllers\Customers\CustomerController))
#9 F:\crm-web-backend\system\CodeIgniter.php(353): CodeIgniter\CodeIgniter->handleRequest(NULL, Object(Config\Cache), false)
#10 F:\crm-web-backend\public\index.php(79): CodeIgniter\CodeIgniter->run()
#11 F:\crm-web-backend\system\Commands\Server\rewrite.php(47): require_once('F:\\crm-web-back...')
#12 {main}
ERROR - 2024-10-03 10:18:42 --> mysqli_sql_exception: No database selected in F:\crm-web-backend\system\Database\MySQLi\Connection.php:306
Stack trace:
#0 F:\crm-web-backend\system\Database\MySQLi\Connection.php(306): mysqli->query('SELECT *\nFROM `...', 0)
#1 F:\crm-web-backend\system\Database\BaseConnection.php(692): CodeIgniter\Database\MySQLi\Connection->execute('SELECT *\nFROM `...')
#2 F:\crm-web-backend\system\Database\BaseConnection.php(606): CodeIgniter\Database\BaseConnection->simpleQuery('SELECT *\nFROM `...')
#3 F:\crm-web-backend\system\Database\BaseBuilder.php(1615): CodeIgniter\Database\BaseConnection->query('SELECT *\nFROM `...', Array, false)
#4 F:\crm-web-backend\system\Model.php(237): CodeIgniter\Database\BaseBuilder->get()
#5 F:\crm-web-backend\system\BaseModel.php(624): CodeIgniter\Model->doFindAll(20, 0)
#6 F:\crm-web-backend\app\Controllers\Customers\CustomerController.php(22): CodeIgniter\BaseModel->findAll(20, 0)
#7 F:\crm-web-backend\system\CodeIgniter.php(919): App\Controllers\Customers\CustomerController->fetchCustomer()
#8 F:\crm-web-backend\system\CodeIgniter.php(494): CodeIgniter\CodeIgniter->runController(Object(App\Controllers\Customers\CustomerController))
#9 F:\crm-web-backend\system\CodeIgniter.php(353): CodeIgniter\CodeIgniter->handleRequest(NULL, Object(Config\Cache), false)
#10 F:\crm-web-backend\public\index.php(79): CodeIgniter\CodeIgniter->run()
#11 F:\crm-web-backend\system\Commands\Server\rewrite.php(47): require_once('F:\\crm-web-back...')
#12 {main}
ERROR - 2024-10-03 10:18:44 --> mysqli_sql_exception: No database selected in F:\crm-web-backend\system\Database\MySQLi\Connection.php:306
Stack trace:
#0 F:\crm-web-backend\system\Database\MySQLi\Connection.php(306): mysqli->query('SELECT *\nFROM `...', 0)
#1 F:\crm-web-backend\system\Database\BaseConnection.php(692): CodeIgniter\Database\MySQLi\Connection->execute('SELECT *\nFROM `...')
#2 F:\crm-web-backend\system\Database\BaseConnection.php(606): CodeIgniter\Database\BaseConnection->simpleQuery('SELECT *\nFROM `...')
#3 F:\crm-web-backend\system\Database\BaseBuilder.php(1615): CodeIgniter\Database\BaseConnection->query('SELECT *\nFROM `...', Array, false)
#4 F:\crm-web-backend\system\Model.php(237): CodeIgniter\Database\BaseBuilder->get()
#5 F:\crm-web-backend\system\BaseModel.php(624): CodeIgniter\Model->doFindAll(20, 0)
#6 F:\crm-web-backend\app\Controllers\Customers\CustomerController.php(22): CodeIgniter\BaseModel->findAll(20, 0)
#7 F:\crm-web-backend\system\CodeIgniter.php(919): App\Controllers\Customers\CustomerController->fetchCustomer()
#8 F:\crm-web-backend\system\CodeIgniter.php(494): CodeIgniter\CodeIgniter->runController(Object(App\Controllers\Customers\CustomerController))
#9 F:\crm-web-backend\system\CodeIgniter.php(353): CodeIgniter\CodeIgniter->handleRequest(NULL, Object(Config\Cache), false)
#10 F:\crm-web-backend\public\index.php(79): CodeIgniter\CodeIgniter->run()
#11 F:\crm-web-backend\system\Commands\Server\rewrite.php(47): require_once('F:\\crm-web-back...')
#12 {main}
ERROR - 2024-10-03 10:20:09 --> mysqli_sql_exception: No database selected in F:\crm-web-backend\system\Database\MySQLi\Connection.php:306
Stack trace:
#0 F:\crm-web-backend\system\Database\MySQLi\Connection.php(306): mysqli->query('SELECT *\nFROM `...', 0)
#1 F:\crm-web-backend\system\Database\BaseConnection.php(692): CodeIgniter\Database\MySQLi\Connection->execute('SELECT *\nFROM `...')
#2 F:\crm-web-backend\system\Database\BaseConnection.php(606): CodeIgniter\Database\BaseConnection->simpleQuery('SELECT *\nFROM `...')
#3 F:\crm-web-backend\system\Database\BaseBuilder.php(1615): CodeIgniter\Database\BaseConnection->query('SELECT *\nFROM `...', Array, false)
#4 F:\crm-web-backend\system\Model.php(237): CodeIgniter\Database\BaseBuilder->get()
#5 F:\crm-web-backend\system\BaseModel.php(624): CodeIgniter\Model->doFindAll(20, 0)
#6 F:\crm-web-backend\app\Controllers\Customers\CustomerController.php(22): CodeIgniter\BaseModel->findAll(20, 0)
#7 F:\crm-web-backend\system\CodeIgniter.php(919): App\Controllers\Customers\CustomerController->fetchCustomer()
#8 F:\crm-web-backend\system\CodeIgniter.php(494): CodeIgniter\CodeIgniter->runController(Object(App\Controllers\Customers\CustomerController))
#9 F:\crm-web-backend\system\CodeIgniter.php(353): CodeIgniter\CodeIgniter->handleRequest(NULL, Object(Config\Cache), false)
#10 F:\crm-web-backend\public\index.php(79): CodeIgniter\CodeIgniter->run()
#11 F:\crm-web-backend\system\Commands\Server\rewrite.php(47): require_once('F:\\crm-web-back...')
#12 {main}
ERROR - 2024-10-03 10:20:12 --> mysqli_sql_exception: No database selected in F:\crm-web-backend\system\Database\MySQLi\Connection.php:306
Stack trace:
#0 F:\crm-web-backend\system\Database\MySQLi\Connection.php(306): mysqli->query('SELECT *\nFROM `...', 0)
#1 F:\crm-web-backend\system\Database\BaseConnection.php(692): CodeIgniter\Database\MySQLi\Connection->execute('SELECT *\nFROM `...')
#2 F:\crm-web-backend\system\Database\BaseConnection.php(606): CodeIgniter\Database\BaseConnection->simpleQuery('SELECT *\nFROM `...')
#3 F:\crm-web-backend\system\Database\BaseBuilder.php(1615): CodeIgniter\Database\BaseConnection->query('SELECT *\nFROM `...', Array, false)
#4 F:\crm-web-backend\system\Model.php(237): CodeIgniter\Database\BaseBuilder->get()
#5 F:\crm-web-backend\system\BaseModel.php(624): CodeIgniter\Model->doFindAll(20, 0)
#6 F:\crm-web-backend\app\Controllers\Customers\CustomerController.php(22): CodeIgniter\BaseModel->findAll(20, 0)
#7 F:\crm-web-backend\system\CodeIgniter.php(919): App\Controllers\Customers\CustomerController->fetchCustomer()
#8 F:\crm-web-backend\system\CodeIgniter.php(494): CodeIgniter\CodeIgniter->runController(Object(App\Controllers\Customers\CustomerController))
#9 F:\crm-web-backend\system\CodeIgniter.php(353): CodeIgniter\CodeIgniter->handleRequest(NULL, Object(Config\Cache), false)
#10 F:\crm-web-backend\public\index.php(79): CodeIgniter\CodeIgniter->run()
#11 F:\crm-web-backend\system\Commands\Server\rewrite.php(47): require_once('F:\\crm-web-back...')
#12 {main}
ERROR - 2024-10-03 10:20:12 --> mysqli_sql_exception: No database selected in F:\crm-web-backend\system\Database\MySQLi\Connection.php:306
Stack trace:
#0 F:\crm-web-backend\system\Database\MySQLi\Connection.php(306): mysqli->query('SELECT *\nFROM `...', 0)
#1 F:\crm-web-backend\system\Database\BaseConnection.php(692): CodeIgniter\Database\MySQLi\Connection->execute('SELECT *\nFROM `...')
#2 F:\crm-web-backend\system\Database\BaseConnection.php(606): CodeIgniter\Database\BaseConnection->simpleQuery('SELECT *\nFROM `...')
#3 F:\crm-web-backend\system\Database\BaseBuilder.php(1615): CodeIgniter\Database\BaseConnection->query('SELECT *\nFROM `...', Array, false)
#4 F:\crm-web-backend\system\Model.php(237): CodeIgniter\Database\BaseBuilder->get()
#5 F:\crm-web-backend\system\BaseModel.php(624): CodeIgniter\Model->doFindAll(20, 0)
#6 F:\crm-web-backend\app\Controllers\Customers\CustomerController.php(22): CodeIgniter\BaseModel->findAll(20, 0)
#7 F:\crm-web-backend\system\CodeIgniter.php(919): App\Controllers\Customers\CustomerController->fetchCustomer()
#8 F:\crm-web-backend\system\CodeIgniter.php(494): CodeIgniter\CodeIgniter->runController(Object(App\Controllers\Customers\CustomerController))
#9 F:\crm-web-backend\system\CodeIgniter.php(353): CodeIgniter\CodeIgniter->handleRequest(NULL, Object(Config\Cache), false)
#10 F:\crm-web-backend\public\index.php(79): CodeIgniter\CodeIgniter->run()
#11 F:\crm-web-backend\system\Commands\Server\rewrite.php(47): require_once('F:\\crm-web-back...')
#12 {main}
ERROR - 2024-10-03 10:20:28 --> mysqli_sql_exception: No database selected in F:\crm-web-backend\system\Database\MySQLi\Connection.php:306
Stack trace:
#0 F:\crm-web-backend\system\Database\MySQLi\Connection.php(306): mysqli->query('SELECT *\nFROM `...', 0)
#1 F:\crm-web-backend\system\Database\BaseConnection.php(692): CodeIgniter\Database\MySQLi\Connection->execute('SELECT *\nFROM `...')
#2 F:\crm-web-backend\system\Database\BaseConnection.php(606): CodeIgniter\Database\BaseConnection->simpleQuery('SELECT *\nFROM `...')
#3 F:\crm-web-backend\system\Database\BaseBuilder.php(1615): CodeIgniter\Database\BaseConnection->query('SELECT *\nFROM `...', Array, false)
#4 F:\crm-web-backend\system\Model.php(237): CodeIgniter\Database\BaseBuilder->get()
#5 F:\crm-web-backend\system\BaseModel.php(624): CodeIgniter\Model->doFindAll(20, 0)
#6 F:\crm-web-backend\app\Controllers\Customers\CustomerController.php(22): CodeIgniter\BaseModel->findAll(20, 0)
#7 F:\crm-web-backend\system\CodeIgniter.php(919): App\Controllers\Customers\CustomerController->fetchCustomer()
#8 F:\crm-web-backend\system\CodeIgniter.php(494): CodeIgniter\CodeIgniter->runController(Object(App\Controllers\Customers\CustomerController))
#9 F:\crm-web-backend\system\CodeIgniter.php(353): CodeIgniter\CodeIgniter->handleRequest(NULL, Object(Config\Cache), false)
#10 F:\crm-web-backend\public\index.php(79): CodeIgniter\CodeIgniter->run()
#11 F:\crm-web-backend\system\Commands\Server\rewrite.php(47): require_once('F:\\crm-web-back...')
#12 {main}
ERROR - 2024-10-03 10:20:38 --> mysqli_sql_exception: No database selected in F:\crm-web-backend\system\Database\MySQLi\Connection.php:306
Stack trace:
#0 F:\crm-web-backend\system\Database\MySQLi\Connection.php(306): mysqli->query('SELECT *\nFROM `...', 0)
#1 F:\crm-web-backend\system\Database\BaseConnection.php(692): CodeIgniter\Database\MySQLi\Connection->execute('SELECT *\nFROM `...')
#2 F:\crm-web-backend\system\Database\BaseConnection.php(606): CodeIgniter\Database\BaseConnection->simpleQuery('SELECT *\nFROM `...')
#3 F:\crm-web-backend\system\Database\BaseBuilder.php(1615): CodeIgniter\Database\BaseConnection->query('SELECT *\nFROM `...', Array, false)
#4 F:\crm-web-backend\system\Model.php(237): CodeIgniter\Database\BaseBuilder->get()
#5 F:\crm-web-backend\system\BaseModel.php(624): CodeIgniter\Model->doFindAll(20, 0)
#6 F:\crm-web-backend\app\Controllers\Customers\CustomerController.php(22): CodeIgniter\BaseModel->findAll(20, 0)
#7 F:\crm-web-backend\system\CodeIgniter.php(919): App\Controllers\Customers\CustomerController->fetchCustomer()
#8 F:\crm-web-backend\system\CodeIgniter.php(494): CodeIgniter\CodeIgniter->runController(Object(App\Controllers\Customers\CustomerController))
#9 F:\crm-web-backend\system\CodeIgniter.php(353): CodeIgniter\CodeIgniter->handleRequest(NULL, Object(Config\Cache), false)
#10 F:\crm-web-backend\public\index.php(79): CodeIgniter\CodeIgniter->run()
#11 F:\crm-web-backend\system\Commands\Server\rewrite.php(47): require_once('F:\\crm-web-back...')
#12 {main}
ERROR - 2024-10-03 10:20:43 --> mysqli_sql_exception: No database selected in F:\crm-web-backend\system\Database\MySQLi\Connection.php:306
Stack trace:
#0 F:\crm-web-backend\system\Database\MySQLi\Connection.php(306): mysqli->query('SELECT *\nFROM `...', 0)
#1 F:\crm-web-backend\system\Database\BaseConnection.php(692): CodeIgniter\Database\MySQLi\Connection->execute('SELECT *\nFROM `...')
#2 F:\crm-web-backend\system\Database\BaseConnection.php(606): CodeIgniter\Database\BaseConnection->simpleQuery('SELECT *\nFROM `...')
#3 F:\crm-web-backend\system\Database\BaseBuilder.php(1615): CodeIgniter\Database\BaseConnection->query('SELECT *\nFROM `...', Array, false)
#4 F:\crm-web-backend\system\Model.php(237): CodeIgniter\Database\BaseBuilder->get()
#5 F:\crm-web-backend\system\BaseModel.php(624): CodeIgniter\Model->doFindAll(20, 0)
#6 F:\crm-web-backend\app\Controllers\Customers\CustomerController.php(22): CodeIgniter\BaseModel->findAll(20, 0)
#7 F:\crm-web-backend\system\CodeIgniter.php(919): App\Controllers\Customers\CustomerController->fetchCustomer()
#8 F:\crm-web-backend\system\CodeIgniter.php(494): CodeIgniter\CodeIgniter->runController(Object(App\Controllers\Customers\CustomerController))
#9 F:\crm-web-backend\system\CodeIgniter.php(353): CodeIgniter\CodeIgniter->handleRequest(NULL, Object(Config\Cache), false)
#10 F:\crm-web-backend\public\index.php(79): CodeIgniter\CodeIgniter->run()
#11 F:\crm-web-backend\system\Commands\Server\rewrite.php(47): require_once('F:\\crm-web-back...')
#12 {main}
ERROR - 2024-10-03 10:20:43 --> mysqli_sql_exception: No database selected in F:\crm-web-backend\system\Database\MySQLi\Connection.php:306
Stack trace:
#0 F:\crm-web-backend\system\Database\MySQLi\Connection.php(306): mysqli->query('SELECT *\nFROM `...', 0)
#1 F:\crm-web-backend\system\Database\BaseConnection.php(692): CodeIgniter\Database\MySQLi\Connection->execute('SELECT *\nFROM `...')
#2 F:\crm-web-backend\system\Database\BaseConnection.php(606): CodeIgniter\Database\BaseConnection->simpleQuery('SELECT *\nFROM `...')
#3 F:\crm-web-backend\system\Database\BaseBuilder.php(1615): CodeIgniter\Database\BaseConnection->query('SELECT *\nFROM `...', Array, false)
#4 F:\crm-web-backend\system\Model.php(237): CodeIgniter\Database\BaseBuilder->get()
#5 F:\crm-web-backend\system\BaseModel.php(624): CodeIgniter\Model->doFindAll(20, 0)
#6 F:\crm-web-backend\app\Controllers\Customers\CustomerController.php(22): CodeIgniter\BaseModel->findAll(20, 0)
#7 F:\crm-web-backend\system\CodeIgniter.php(919): App\Controllers\Customers\CustomerController->fetchCustomer()
#8 F:\crm-web-backend\system\CodeIgniter.php(494): CodeIgniter\CodeIgniter->runController(Object(App\Controllers\Customers\CustomerController))
#9 F:\crm-web-backend\system\CodeIgniter.php(353): CodeIgniter\CodeIgniter->handleRequest(NULL, Object(Config\Cache), false)
#10 F:\crm-web-backend\public\index.php(79): CodeIgniter\CodeIgniter->run()
#11 F:\crm-web-backend\system\Commands\Server\rewrite.php(47): require_once('F:\\crm-web-back...')
#12 {main}
ERROR - 2024-10-03 10:20:50 --> mysqli_sql_exception: No database selected in F:\crm-web-backend\system\Database\MySQLi\Connection.php:306
Stack trace:
#0 F:\crm-web-backend\system\Database\MySQLi\Connection.php(306): mysqli->query('SELECT *\nFROM `...', 0)
#1 F:\crm-web-backend\system\Database\BaseConnection.php(692): CodeIgniter\Database\MySQLi\Connection->execute('SELECT *\nFROM `...')
#2 F:\crm-web-backend\system\Database\BaseConnection.php(606): CodeIgniter\Database\BaseConnection->simpleQuery('SELECT *\nFROM `...')
#3 F:\crm-web-backend\system\Database\BaseBuilder.php(1615): CodeIgniter\Database\BaseConnection->query('SELECT *\nFROM `...', Array, false)
#4 F:\crm-web-backend\system\Model.php(237): CodeIgniter\Database\BaseBuilder->get()
#5 F:\crm-web-backend\system\BaseModel.php(624): CodeIgniter\Model->doFindAll(20, 0)
#6 F:\crm-web-backend\app\Controllers\Customers\CustomerController.php(22): CodeIgniter\BaseModel->findAll(20, 0)
#7 F:\crm-web-backend\system\CodeIgniter.php(919): App\Controllers\Customers\CustomerController->fetchCustomer()
#8 F:\crm-web-backend\system\CodeIgniter.php(494): CodeIgniter\CodeIgniter->runController(Object(App\Controllers\Customers\CustomerController))
#9 F:\crm-web-backend\system\CodeIgniter.php(353): CodeIgniter\CodeIgniter->handleRequest(NULL, Object(Config\Cache), false)
#10 F:\crm-web-backend\public\index.php(79): CodeIgniter\CodeIgniter->run()
#11 F:\crm-web-backend\system\Commands\Server\rewrite.php(47): require_once('F:\\crm-web-back...')
#12 {main}
ERROR - 2024-10-03 10:20:50 --> mysqli_sql_exception: No database selected in F:\crm-web-backend\system\Database\MySQLi\Connection.php:306
Stack trace:
#0 F:\crm-web-backend\system\Database\MySQLi\Connection.php(306): mysqli->query('SELECT *\nFROM `...', 0)
#1 F:\crm-web-backend\system\Database\BaseConnection.php(692): CodeIgniter\Database\MySQLi\Connection->execute('SELECT *\nFROM `...')
#2 F:\crm-web-backend\system\Database\BaseConnection.php(606): CodeIgniter\Database\BaseConnection->simpleQuery('SELECT *\nFROM `...')
#3 F:\crm-web-backend\system\Database\BaseBuilder.php(1615): CodeIgniter\Database\BaseConnection->query('SELECT *\nFROM `...', Array, false)
#4 F:\crm-web-backend\system\Model.php(237): CodeIgniter\Database\BaseBuilder->get()
#5 F:\crm-web-backend\system\BaseModel.php(624): CodeIgniter\Model->doFindAll(20, 0)
#6 F:\crm-web-backend\app\Controllers\Customers\CustomerController.php(22): CodeIgniter\BaseModel->findAll(20, 0)
#7 F:\crm-web-backend\system\CodeIgniter.php(919): App\Controllers\Customers\CustomerController->fetchCustomer()
#8 F:\crm-web-backend\system\CodeIgniter.php(494): CodeIgniter\CodeIgniter->runController(Object(App\Controllers\Customers\CustomerController))
#9 F:\crm-web-backend\system\CodeIgniter.php(353): CodeIgniter\CodeIgniter->handleRequest(NULL, Object(Config\Cache), false)
#10 F:\crm-web-backend\public\index.php(79): CodeIgniter\CodeIgniter->run()
#11 F:\crm-web-backend\system\Commands\Server\rewrite.php(47): require_once('F:\\crm-web-back...')
#12 {main}
ERROR - 2024-10-03 10:21:00 --> mysqli_sql_exception: No database selected in F:\crm-web-backend\system\Database\MySQLi\Connection.php:306
Stack trace:
#0 F:\crm-web-backend\system\Database\MySQLi\Connection.php(306): mysqli->query('SELECT *\nFROM `...', 0)
#1 F:\crm-web-backend\system\Database\BaseConnection.php(692): CodeIgniter\Database\MySQLi\Connection->execute('SELECT *\nFROM `...')
#2 F:\crm-web-backend\system\Database\BaseConnection.php(606): CodeIgniter\Database\BaseConnection->simpleQuery('SELECT *\nFROM `...')
#3 F:\crm-web-backend\system\Database\BaseBuilder.php(1615): CodeIgniter\Database\BaseConnection->query('SELECT *\nFROM `...', Array, false)
#4 F:\crm-web-backend\system\Model.php(237): CodeIgniter\Database\BaseBuilder->get()
#5 F:\crm-web-backend\system\BaseModel.php(624): CodeIgniter\Model->doFindAll(20, 0)
#6 F:\crm-web-backend\app\Controllers\Customers\CustomerController.php(22): CodeIgniter\BaseModel->findAll(20, 0)
#7 F:\crm-web-backend\system\CodeIgniter.php(919): App\Controllers\Customers\CustomerController->fetchCustomer()
#8 F:\crm-web-backend\system\CodeIgniter.php(494): CodeIgniter\CodeIgniter->runController(Object(App\Controllers\Customers\CustomerController))
#9 F:\crm-web-backend\system\CodeIgniter.php(353): CodeIgniter\CodeIgniter->handleRequest(NULL, Object(Config\Cache), false)
#10 F:\crm-web-backend\public\index.php(79): CodeIgniter\CodeIgniter->run()
#11 F:\crm-web-backend\system\Commands\Server\rewrite.php(47): require_once('F:\\crm-web-back...')
#12 {main}
ERROR - 2024-10-03 10:22:49 --> mysqli_sql_exception: No database selected in F:\crm-web-backend\system\Database\MySQLi\Connection.php:306
Stack trace:
#0 F:\crm-web-backend\system\Database\MySQLi\Connection.php(306): mysqli->query('SELECT *\nFROM `...', 0)
#1 F:\crm-web-backend\system\Database\BaseConnection.php(692): CodeIgniter\Database\MySQLi\Connection->execute('SELECT *\nFROM `...')
#2 F:\crm-web-backend\system\Database\BaseConnection.php(606): CodeIgniter\Database\BaseConnection->simpleQuery('SELECT *\nFROM `...')
#3 F:\crm-web-backend\system\Database\BaseBuilder.php(1615): CodeIgniter\Database\BaseConnection->query('SELECT *\nFROM `...', Array, false)
#4 F:\crm-web-backend\system\Model.php(237): CodeIgniter\Database\BaseBuilder->get()
#5 F:\crm-web-backend\system\BaseModel.php(624): CodeIgniter\Model->doFindAll(20, 0)
#6 F:\crm-web-backend\app\Controllers\Customers\CustomerController.php(22): CodeIgniter\BaseModel->findAll(20, 0)
#7 F:\crm-web-backend\system\CodeIgniter.php(919): App\Controllers\Customers\CustomerController->fetchCustomer()
#8 F:\crm-web-backend\system\CodeIgniter.php(494): CodeIgniter\CodeIgniter->runController(Object(App\Controllers\Customers\CustomerController))
#9 F:\crm-web-backend\system\CodeIgniter.php(353): CodeIgniter\CodeIgniter->handleRequest(NULL, Object(Config\Cache), false)
#10 F:\crm-web-backend\public\index.php(79): CodeIgniter\CodeIgniter->run()
#11 F:\crm-web-backend\system\Commands\Server\rewrite.php(47): require_once('F:\\crm-web-back...')
#12 {main}
ERROR - 2024-10-03 10:28:08 --> mysqli_sql_exception: No database selected in F:\crm-web-backend\system\Database\MySQLi\Connection.php:306
Stack trace:
#0 F:\crm-web-backend\system\Database\MySQLi\Connection.php(306): mysqli->query('SELECT *\nFROM `...', 0)
#1 F:\crm-web-backend\system\Database\BaseConnection.php(692): CodeIgniter\Database\MySQLi\Connection->execute('SELECT *\nFROM `...')
#2 F:\crm-web-backend\system\Database\BaseConnection.php(606): CodeIgniter\Database\BaseConnection->simpleQuery('SELECT *\nFROM `...')
#3 F:\crm-web-backend\system\Database\BaseBuilder.php(1615): CodeIgniter\Database\BaseConnection->query('SELECT *\nFROM `...', Array, false)
#4 F:\crm-web-backend\system\Model.php(237): CodeIgniter\Database\BaseBuilder->get()
#5 F:\crm-web-backend\system\BaseModel.php(624): CodeIgniter\Model->doFindAll(20, 0)
#6 F:\crm-web-backend\app\Controllers\Customers\CustomerController.php(22): CodeIgniter\BaseModel->findAll(20, 0)
#7 F:\crm-web-backend\system\CodeIgniter.php(919): App\Controllers\Customers\CustomerController->fetchCustomer()
#8 F:\crm-web-backend\system\CodeIgniter.php(494): CodeIgniter\CodeIgniter->runController(Object(App\Controllers\Customers\CustomerController))
#9 F:\crm-web-backend\system\CodeIgniter.php(353): CodeIgniter\CodeIgniter->handleRequest(NULL, Object(Config\Cache), false)
#10 F:\crm-web-backend\public\index.php(79): CodeIgniter\CodeIgniter->run()
#11 F:\crm-web-backend\system\Commands\Server\rewrite.php(47): require_once('F:\\crm-web-back...')
#12 {main}
ERROR - 2024-10-03 10:29:48 --> mysqli_sql_exception: No database selected in F:\crm-web-backend\system\Database\MySQLi\Connection.php:306
Stack trace:
#0 F:\crm-web-backend\system\Database\MySQLi\Connection.php(306): mysqli->query('SELECT *\nFROM `...', 0)
#1 F:\crm-web-backend\system\Database\BaseConnection.php(692): CodeIgniter\Database\MySQLi\Connection->execute('SELECT *\nFROM `...')
#2 F:\crm-web-backend\system\Database\BaseConnection.php(606): CodeIgniter\Database\BaseConnection->simpleQuery('SELECT *\nFROM `...')
#3 F:\crm-web-backend\system\Database\BaseBuilder.php(1615): CodeIgniter\Database\BaseConnection->query('SELECT *\nFROM `...', Array, false)
#4 F:\crm-web-backend\system\Model.php(237): CodeIgniter\Database\BaseBuilder->get()
#5 F:\crm-web-backend\system\BaseModel.php(624): CodeIgniter\Model->doFindAll(0, 0)
#6 F:\crm-web-backend\app\Controllers\Customers\CustomerController.php(22): CodeIgniter\BaseModel->findAll()
#7 F:\crm-web-backend\system\CodeIgniter.php(919): App\Controllers\Customers\CustomerController->fetchCustomer()
#8 F:\crm-web-backend\system\CodeIgniter.php(494): CodeIgniter\CodeIgniter->runController(Object(App\Controllers\Customers\CustomerController))
#9 F:\crm-web-backend\system\CodeIgniter.php(353): CodeIgniter\CodeIgniter->handleRequest(NULL, Object(Config\Cache), false)
#10 F:\crm-web-backend\public\index.php(79): CodeIgniter\CodeIgniter->run()
#11 F:\crm-web-backend\system\Commands\Server\rewrite.php(47): require_once('F:\\crm-web-back...')
#12 {main}
ERROR - 2024-10-03 10:30:40 --> mysqli_sql_exception: No database selected in F:\crm-web-backend\system\Database\MySQLi\Connection.php:306
Stack trace:
#0 F:\crm-web-backend\system\Database\MySQLi\Connection.php(306): mysqli->query('SELECT *\nFROM `...', 0)
#1 F:\crm-web-backend\system\Database\BaseConnection.php(692): CodeIgniter\Database\MySQLi\Connection->execute('SELECT *\nFROM `...')
#2 F:\crm-web-backend\system\Database\BaseConnection.php(606): CodeIgniter\Database\BaseConnection->simpleQuery('SELECT *\nFROM `...')
#3 F:\crm-web-backend\system\Database\BaseBuilder.php(1615): CodeIgniter\Database\BaseConnection->query('SELECT *\nFROM `...', Array, false)
#4 F:\crm-web-backend\system\Model.php(237): CodeIgniter\Database\BaseBuilder->get()
#5 F:\crm-web-backend\system\BaseModel.php(624): CodeIgniter\Model->doFindAll(0, 0)
#6 F:\crm-web-backend\app\Controllers\Customers\CustomerController.php(23): CodeIgniter\BaseModel->findAll()
#7 F:\crm-web-backend\system\CodeIgniter.php(919): App\Controllers\Customers\CustomerController->fetchCustomer()
#8 F:\crm-web-backend\system\CodeIgniter.php(494): CodeIgniter\CodeIgniter->runController(Object(App\Controllers\Customers\CustomerController))
#9 F:\crm-web-backend\system\CodeIgniter.php(353): CodeIgniter\CodeIgniter->handleRequest(NULL, Object(Config\Cache), false)
#10 F:\crm-web-backend\public\index.php(79): CodeIgniter\CodeIgniter->run()
#11 F:\crm-web-backend\system\Commands\Server\rewrite.php(47): require_once('F:\\crm-web-back...')
#12 {main}
ERROR - 2024-10-03 10:30:42 --> mysqli_sql_exception: No database selected in F:\crm-web-backend\system\Database\MySQLi\Connection.php:306
Stack trace:
#0 F:\crm-web-backend\system\Database\MySQLi\Connection.php(306): mysqli->query('SELECT *\nFROM `...', 0)
#1 F:\crm-web-backend\system\Database\BaseConnection.php(692): CodeIgniter\Database\MySQLi\Connection->execute('SELECT *\nFROM `...')
#2 F:\crm-web-backend\system\Database\BaseConnection.php(606): CodeIgniter\Database\BaseConnection->simpleQuery('SELECT *\nFROM `...')
#3 F:\crm-web-backend\system\Database\BaseBuilder.php(1615): CodeIgniter\Database\BaseConnection->query('SELECT *\nFROM `...', Array, false)
#4 F:\crm-web-backend\system\Model.php(237): CodeIgniter\Database\BaseBuilder->get()
#5 F:\crm-web-backend\system\BaseModel.php(624): CodeIgniter\Model->doFindAll(0, 0)
#6 F:\crm-web-backend\app\Controllers\Customers\CustomerController.php(23): CodeIgniter\BaseModel->findAll()
#7 F:\crm-web-backend\system\CodeIgniter.php(919): App\Controllers\Customers\CustomerController->fetchCustomer()
#8 F:\crm-web-backend\system\CodeIgniter.php(494): CodeIgniter\CodeIgniter->runController(Object(App\Controllers\Customers\CustomerController))
#9 F:\crm-web-backend\system\CodeIgniter.php(353): CodeIgniter\CodeIgniter->handleRequest(NULL, Object(Config\Cache), false)
#10 F:\crm-web-backend\public\index.php(79): CodeIgniter\CodeIgniter->run()
#11 F:\crm-web-backend\system\Commands\Server\rewrite.php(47): require_once('F:\\crm-web-back...')
#12 {main}
ERROR - 2024-10-03 10:30:43 --> mysqli_sql_exception: No database selected in F:\crm-web-backend\system\Database\MySQLi\Connection.php:306
Stack trace:
#0 F:\crm-web-backend\system\Database\MySQLi\Connection.php(306): mysqli->query('SELECT *\nFROM `...', 0)
#1 F:\crm-web-backend\system\Database\BaseConnection.php(692): CodeIgniter\Database\MySQLi\Connection->execute('SELECT *\nFROM `...')
#2 F:\crm-web-backend\system\Database\BaseConnection.php(606): CodeIgniter\Database\BaseConnection->simpleQuery('SELECT *\nFROM `...')
#3 F:\crm-web-backend\system\Database\BaseBuilder.php(1615): CodeIgniter\Database\BaseConnection->query('SELECT *\nFROM `...', Array, false)
#4 F:\crm-web-backend\system\Model.php(237): CodeIgniter\Database\BaseBuilder->get()
#5 F:\crm-web-backend\system\BaseModel.php(624): CodeIgniter\Model->doFindAll(0, 0)
#6 F:\crm-web-backend\app\Controllers\Customers\CustomerController.php(23): CodeIgniter\BaseModel->findAll()
#7 F:\crm-web-backend\system\CodeIgniter.php(919): App\Controllers\Customers\CustomerController->fetchCustomer()
#8 F:\crm-web-backend\system\CodeIgniter.php(494): CodeIgniter\CodeIgniter->runController(Object(App\Controllers\Customers\CustomerController))
#9 F:\crm-web-backend\system\CodeIgniter.php(353): CodeIgniter\CodeIgniter->handleRequest(NULL, Object(Config\Cache), false)
#10 F:\crm-web-backend\public\index.php(79): CodeIgniter\CodeIgniter->run()
#11 F:\crm-web-backend\system\Commands\Server\rewrite.php(47): require_once('F:\\crm-web-back...')
#12 {main}
ERROR - 2024-10-03 10:30:45 --> mysqli_sql_exception: No database selected in F:\crm-web-backend\system\Database\MySQLi\Connection.php:306
Stack trace:
#0 F:\crm-web-backend\system\Database\MySQLi\Connection.php(306): mysqli->query('SELECT *\nFROM `...', 0)
#1 F:\crm-web-backend\system\Database\BaseConnection.php(692): CodeIgniter\Database\MySQLi\Connection->execute('SELECT *\nFROM `...')
#2 F:\crm-web-backend\system\Database\BaseConnection.php(606): CodeIgniter\Database\BaseConnection->simpleQuery('SELECT *\nFROM `...')
#3 F:\crm-web-backend\system\Database\BaseBuilder.php(1615): CodeIgniter\Database\BaseConnection->query('SELECT *\nFROM `...', Array, false)
#4 F:\crm-web-backend\system\Model.php(237): CodeIgniter\Database\BaseBuilder->get()
#5 F:\crm-web-backend\system\BaseModel.php(624): CodeIgniter\Model->doFindAll(0, 0)
#6 F:\crm-web-backend\app\Controllers\Customers\CustomerController.php(23): CodeIgniter\BaseModel->findAll()
#7 F:\crm-web-backend\system\CodeIgniter.php(919): App\Controllers\Customers\CustomerController->fetchCustomer()
#8 F:\crm-web-backend\system\CodeIgniter.php(494): CodeIgniter\CodeIgniter->runController(Object(App\Controllers\Customers\CustomerController))
#9 F:\crm-web-backend\system\CodeIgniter.php(353): CodeIgniter\CodeIgniter->handleRequest(NULL, Object(Config\Cache), false)
#10 F:\crm-web-backend\public\index.php(79): CodeIgniter\CodeIgniter->run()
#11 F:\crm-web-backend\system\Commands\Server\rewrite.php(47): require_once('F:\\crm-web-back...')
#12 {main}
ERROR - 2024-10-03 10:32:21 --> mysqli_sql_exception: No database selected in F:\crm-web-backend\system\Database\MySQLi\Connection.php:306
Stack trace:
#0 F:\crm-web-backend\system\Database\MySQLi\Connection.php(306): mysqli->query('SELECT *\nFROM `...', 0)
#1 F:\crm-web-backend\system\Database\BaseConnection.php(692): CodeIgniter\Database\MySQLi\Connection->execute('SELECT *\nFROM `...')
#2 F:\crm-web-backend\system\Database\BaseConnection.php(606): CodeIgniter\Database\BaseConnection->simpleQuery('SELECT *\nFROM `...')
#3 F:\crm-web-backend\system\Database\BaseBuilder.php(1615): CodeIgniter\Database\BaseConnection->query('SELECT *\nFROM `...', Array, false)
#4 F:\crm-web-backend\system\Model.php(237): CodeIgniter\Database\BaseBuilder->get()
#5 F:\crm-web-backend\system\BaseModel.php(624): CodeIgniter\Model->doFindAll(0, 0)
#6 F:\crm-web-backend\app\Controllers\Customers\CustomerController.php(23): CodeIgniter\BaseModel->findAll()
#7 F:\crm-web-backend\system\CodeIgniter.php(919): App\Controllers\Customers\CustomerController->fetchCustomer()
#8 F:\crm-web-backend\system\CodeIgniter.php(494): CodeIgniter\CodeIgniter->runController(Object(App\Controllers\Customers\CustomerController))
#9 F:\crm-web-backend\system\CodeIgniter.php(353): CodeIgniter\CodeIgniter->handleRequest(NULL, Object(Config\Cache), false)
#10 F:\crm-web-backend\public\index.php(79): CodeIgniter\CodeIgniter->run()
#11 F:\crm-web-backend\system\Commands\Server\rewrite.php(47): require_once('F:\\crm-web-back...')
#12 {main}
ERROR - 2024-10-03 10:35:36 --> mysqli_sql_exception: No database selected in F:\crm-web-backend\system\Database\MySQLi\Connection.php:306
Stack trace:
#0 F:\crm-web-backend\system\Database\MySQLi\Connection.php(306): mysqli->query('SELECT *\nFROM `...', 0)
#1 F:\crm-web-backend\system\Database\BaseConnection.php(692): CodeIgniter\Database\MySQLi\Connection->execute('SELECT *\nFROM `...')
#2 F:\crm-web-backend\system\Database\BaseConnection.php(606): CodeIgniter\Database\BaseConnection->simpleQuery('SELECT *\nFROM `...')
#3 F:\crm-web-backend\system\Database\BaseBuilder.php(1615): CodeIgniter\Database\BaseConnection->query('SELECT *\nFROM `...', Array, false)
#4 F:\crm-web-backend\system\Model.php(264): CodeIgniter\Database\BaseBuilder->get()
#5 F:\crm-web-backend\system\BaseModel.php(662): CodeIgniter\Model->doFirst()
#6 F:\crm-web-backend\app\Controllers\Customers\CustomerController.php(23): CodeIgniter\BaseModel->first()
#7 F:\crm-web-backend\system\CodeIgniter.php(919): App\Controllers\Customers\CustomerController->fetchCustomer()
#8 F:\crm-web-backend\system\CodeIgniter.php(494): CodeIgniter\CodeIgniter->runController(Object(App\Controllers\Customers\CustomerController))
#9 F:\crm-web-backend\system\CodeIgniter.php(353): CodeIgniter\CodeIgniter->handleRequest(NULL, Object(Config\Cache), false)
#10 F:\crm-web-backend\public\index.php(79): CodeIgniter\CodeIgniter->run()
#11 F:\crm-web-backend\system\Commands\Server\rewrite.php(47): require_once('F:\\crm-web-back...')
#12 {main}
ERROR - 2024-10-03 10:37:40 --> mysqli_sql_exception: No database selected in F:\crm-web-backend\system\Database\MySQLi\Connection.php:306
Stack trace:
#0 F:\crm-web-backend\system\Database\MySQLi\Connection.php(306): mysqli->query('SELECT *\nFROM `...', 0)
#1 F:\crm-web-backend\system\Database\BaseConnection.php(692): CodeIgniter\Database\MySQLi\Connection->execute('SELECT *\nFROM `...')
#2 F:\crm-web-backend\system\Database\BaseConnection.php(606): CodeIgniter\Database\BaseConnection->simpleQuery('SELECT *\nFROM `...')
#3 F:\crm-web-backend\system\Database\BaseBuilder.php(1615): CodeIgniter\Database\BaseConnection->query('SELECT *\nFROM `...', Array, false)
#4 F:\crm-web-backend\system\Model.php(196): CodeIgniter\Database\BaseBuilder->get()
#5 F:\crm-web-backend\system\BaseModel.php(563): CodeIgniter\Model->doFind(true, 1)
#6 F:\crm-web-backend\app\Controllers\Customers\CustomerController.php(23): CodeIgniter\BaseModel->find(1)
#7 F:\crm-web-backend\system\CodeIgniter.php(919): App\Controllers\Customers\CustomerController->fetchCustomer()
#8 F:\crm-web-backend\system\CodeIgniter.php(494): CodeIgniter\CodeIgniter->runController(Object(App\Controllers\Customers\CustomerController))
#9 F:\crm-web-backend\system\CodeIgniter.php(353): CodeIgniter\CodeIgniter->handleRequest(NULL, Object(Config\Cache), false)
#10 F:\crm-web-backend\public\index.php(79): CodeIgniter\CodeIgniter->run()
#11 F:\crm-web-backend\system\Commands\Server\rewrite.php(47): require_once('F:\\crm-web-back...')
#12 {main}
ERROR - 2024-10-03 10:38:01 --> mysqli_sql_exception: No database selected in F:\crm-web-backend\system\Database\MySQLi\Connection.php:306
Stack trace:
#0 F:\crm-web-backend\system\Database\MySQLi\Connection.php(306): mysqli->query('SELECT *\nFROM `...', 0)
#1 F:\crm-web-backend\system\Database\BaseConnection.php(692): CodeIgniter\Database\MySQLi\Connection->execute('SELECT *\nFROM `...')
#2 F:\crm-web-backend\system\Database\BaseConnection.php(606): CodeIgniter\Database\BaseConnection->simpleQuery('SELECT *\nFROM `...')
#3 F:\crm-web-backend\system\Database\BaseBuilder.php(1615): CodeIgniter\Database\BaseConnection->query('SELECT *\nFROM `...', Array, false)
#4 F:\crm-web-backend\system\Model.php(196): CodeIgniter\Database\BaseBuilder->get()
#5 F:\crm-web-backend\system\BaseModel.php(563): CodeIgniter\Model->doFind(true, 1)
#6 F:\crm-web-backend\app\Controllers\Customers\CustomerController.php(23): CodeIgniter\BaseModel->find(1)
#7 F:\crm-web-backend\system\CodeIgniter.php(919): App\Controllers\Customers\CustomerController->fetchCustomer()
#8 F:\crm-web-backend\system\CodeIgniter.php(494): CodeIgniter\CodeIgniter->runController(Object(App\Controllers\Customers\CustomerController))
#9 F:\crm-web-backend\system\CodeIgniter.php(353): CodeIgniter\CodeIgniter->handleRequest(NULL, Object(Config\Cache), false)
#10 F:\crm-web-backend\public\index.php(79): CodeIgniter\CodeIgniter->run()
#11 F:\crm-web-backend\system\Commands\Server\rewrite.php(47): require_once('F:\\crm-web-back...')
#12 {main}
