CRITICAL - 2024-10-16 06:36:51 --> Call to undefined function App\Controllers\Customers\check_jwt_authentication()
in APPPATH\Controllers\Customers\CustomerController.php on line 151.
 1 SYSTEMPATH\CodeIgniter.php(919): App\Controllers\Customers\CustomerController->updateCustomer()
 2 SYSTEMPATH\CodeIgniter.php(494): CodeIgniter\CodeIgniter->runController(Object(App\Controllers\Customers\CustomerController))
 3 SYSTEMPATH\CodeIgniter.php(353): CodeIgniter\CodeIgniter->handleRequest(null, Object(Config\Cache), false)
 4 FCPATH\index.php(81): CodeIgniter\CodeIgniter->run()
 5 SYSTEMPATH\Commands\Server\rewrite.php(47): require_once('F:\\crm-web-backend\\public\\index.php')
CRITICAL - 2024-10-16 06:45:38 --> Call to undefined function App\Controllers\Customers\check_jwt_authentication()
in APPPATH\Controllers\Customers\CustomerController.php on line 151.
 1 SYSTEMPATH\CodeIgniter.php(919): App\Controllers\Customers\CustomerController->updateCustomer()
 2 SYSTEMPATH\CodeIgniter.php(494): CodeIgniter\CodeIgniter->runController(Object(App\Controllers\Customers\CustomerController))
 3 SYSTEMPATH\CodeIgniter.php(353): CodeIgniter\CodeIgniter->handleRequest(null, Object(Config\Cache), false)
 4 FCPATH\index.php(81): CodeIgniter\CodeIgniter->run()
 5 SYSTEMPATH\Commands\Server\rewrite.php(47): require_once('F:\\crm-web-backend\\public\\index.php')
CRITICAL - 2024-10-16 06:47:05 --> Call to undefined function App\Controllers\Customers\check_jwt_authentication()
in APPPATH\Controllers\Customers\CustomerController.php on line 148.
 1 SYSTEMPATH\CodeIgniter.php(919): App\Controllers\Customers\CustomerController->updateCustomer()
 2 SYSTEMPATH\CodeIgniter.php(494): CodeIgniter\CodeIgniter->runController(Object(App\Controllers\Customers\CustomerController))
 3 SYSTEMPATH\CodeIgniter.php(353): CodeIgniter\CodeIgniter->handleRequest(null, Object(Config\Cache), false)
 4 FCPATH\index.php(81): CodeIgniter\CodeIgniter->run()
 5 SYSTEMPATH\Commands\Server\rewrite.php(47): require_once('F:\\crm-web-backend\\public\\index.php')
CRITICAL - 2024-10-16 06:47:21 --> Call to undefined function App\Controllers\Customers\check_jwt_authentication()
in APPPATH\Controllers\Customers\CustomerController.php on line 148.
 1 SYSTEMPATH\CodeIgniter.php(919): App\Controllers\Customers\CustomerController->updateCustomer()
 2 SYSTEMPATH\CodeIgniter.php(494): CodeIgniter\CodeIgniter->runController(Object(App\Controllers\Customers\CustomerController))
 3 SYSTEMPATH\CodeIgniter.php(353): CodeIgniter\CodeIgniter->handleRequest(null, Object(Config\Cache), false)
 4 FCPATH\index.php(81): CodeIgniter\CodeIgniter->run()
 5 SYSTEMPATH\Commands\Server\rewrite.php(47): require_once('F:\\crm-web-backend\\public\\index.php')
CRITICAL - 2024-10-16 06:47:31 --> Call to undefined function App\Controllers\Customers\check_jwt_authentication()
in APPPATH\Controllers\Customers\CustomerController.php on line 148.
 1 SYSTEMPATH\CodeIgniter.php(919): App\Controllers\Customers\CustomerController->updateCustomer()
 2 SYSTEMPATH\CodeIgniter.php(494): CodeIgniter\CodeIgniter->runController(Object(App\Controllers\Customers\CustomerController))
 3 SYSTEMPATH\CodeIgniter.php(353): CodeIgniter\CodeIgniter->handleRequest(null, Object(Config\Cache), false)
 4 FCPATH\index.php(81): CodeIgniter\CodeIgniter->run()
 5 SYSTEMPATH\Commands\Server\rewrite.php(47): require_once('F:\\crm-web-backend\\public\\index.php')
CRITICAL - 2024-10-16 06:48:21 --> Call to undefined function App\Controllers\Customers\check_jwt_authentication()
in APPPATH\Controllers\Customers\CustomerController.php on line 146.
 1 SYSTEMPATH\CodeIgniter.php(919): App\Controllers\Customers\CustomerController->updateCustomer()
 2 SYSTEMPATH\CodeIgniter.php(494): CodeIgniter\CodeIgniter->runController(Object(App\Controllers\Customers\CustomerController))
 3 SYSTEMPATH\CodeIgniter.php(353): CodeIgniter\CodeIgniter->handleRequest(null, Object(Config\Cache), false)
 4 FCPATH\index.php(81): CodeIgniter\CodeIgniter->run()
 5 SYSTEMPATH\Commands\Server\rewrite.php(47): require_once('F:\\crm-web-backend\\public\\index.php')
CRITICAL - 2024-10-16 06:48:57 --> Call to undefined function App\Controllers\Customers\check_jwt_authentication()
in APPPATH\Controllers\Customers\CustomerController.php on line 146.
 1 SYSTEMPATH\CodeIgniter.php(919): App\Controllers\Customers\CustomerController->updateCustomer()
 2 SYSTEMPATH\CodeIgniter.php(494): CodeIgniter\CodeIgniter->runController(Object(App\Controllers\Customers\CustomerController))
 3 SYSTEMPATH\CodeIgniter.php(353): CodeIgniter\CodeIgniter->handleRequest(null, Object(Config\Cache), false)
 4 FCPATH\index.php(81): CodeIgniter\CodeIgniter->run()
 5 SYSTEMPATH\Commands\Server\rewrite.php(47): require_once('F:\\crm-web-backend\\public\\index.php')
