ERROR - 2025-05-02 10:45:59 --> mysqli_sql_exception: Table 'advance_engineer.company' doesn't exist in E:\mine\advance-engineer\advance-engineer-backend\system\Database\MySQLi\Connection.php:306
Stack trace:
#0 E:\mine\advance-engineer\advance-engineer-backend\system\Database\MySQLi\Connection.php(306): mysqli->query('INSERT INTO `Co...', 0)
#1 E:\mine\advance-engineer\advance-engineer-backend\system\Database\BaseConnection.php(692): CodeIgniter\Database\MySQLi\Connection->execute('INSERT INTO `Co...')
#2 E:\mine\advance-engineer\advance-engineer-backend\system\Database\BaseConnection.php(606): CodeIgniter\Database\BaseConnection->simpleQuery('INSERT INTO `Co...')
#3 E:\mine\advance-engineer\advance-engineer-backend\system\Database\BaseBuilder.php(2308): CodeIgniter\Database\BaseConnection->query('INSERT INTO `Co...', Array, false)
#4 E:\mine\advance-engineer\advance-engineer-backend\system\Model.php(319): CodeIgniter\Database\BaseBuilder->insert()
#5 E:\mine\advance-engineer\advance-engineer-backend\system\BaseModel.php(788): CodeIgniter\Model->doInsert(Array)
#6 E:\mine\advance-engineer\advance-engineer-backend\system\Model.php(715): CodeIgniter\BaseModel->insert(Array, true)
#7 E:\mine\advance-engineer\advance-engineer-backend\app\Controllers\Company\CompanyController.php(74): CodeIgniter\Model->insert(Array)
#8 E:\mine\advance-engineer\advance-engineer-backend\system\CodeIgniter.php(919): App\Controllers\Company\CompanyController->AddCompany()
#9 E:\mine\advance-engineer\advance-engineer-backend\system\CodeIgniter.php(494): CodeIgniter\CodeIgniter->runController(Object(App\Controllers\Company\CompanyController))
#10 E:\mine\advance-engineer\advance-engineer-backend\system\CodeIgniter.php(353): CodeIgniter\CodeIgniter->handleRequest(NULL, Object(Config\Cache), false)
#11 E:\mine\advance-engineer\advance-engineer-backend\public\index.php(76): CodeIgniter\CodeIgniter->run()
#12 E:\mine\advance-engineer\advance-engineer-backend\system\Commands\Server\rewrite.php(47): require_once('E:\\mine\\advance...')
#13 {main}
ERROR - 2025-05-02 10:46:05 --> mysqli_sql_exception: Table 'advance_engineer.company' doesn't exist in E:\mine\advance-engineer\advance-engineer-backend\system\Database\MySQLi\Connection.php:306
Stack trace:
#0 E:\mine\advance-engineer\advance-engineer-backend\system\Database\MySQLi\Connection.php(306): mysqli->query('INSERT INTO `Co...', 0)
#1 E:\mine\advance-engineer\advance-engineer-backend\system\Database\BaseConnection.php(692): CodeIgniter\Database\MySQLi\Connection->execute('INSERT INTO `Co...')
#2 E:\mine\advance-engineer\advance-engineer-backend\system\Database\BaseConnection.php(606): CodeIgniter\Database\BaseConnection->simpleQuery('INSERT INTO `Co...')
#3 E:\mine\advance-engineer\advance-engineer-backend\system\Database\BaseBuilder.php(2308): CodeIgniter\Database\BaseConnection->query('INSERT INTO `Co...', Array, false)
#4 E:\mine\advance-engineer\advance-engineer-backend\system\Model.php(319): CodeIgniter\Database\BaseBuilder->insert()
#5 E:\mine\advance-engineer\advance-engineer-backend\system\BaseModel.php(788): CodeIgniter\Model->doInsert(Array)
#6 E:\mine\advance-engineer\advance-engineer-backend\system\Model.php(715): CodeIgniter\BaseModel->insert(Array, true)
#7 E:\mine\advance-engineer\advance-engineer-backend\app\Controllers\Company\CompanyController.php(74): CodeIgniter\Model->insert(Array)
#8 E:\mine\advance-engineer\advance-engineer-backend\system\CodeIgniter.php(919): App\Controllers\Company\CompanyController->AddCompany()
#9 E:\mine\advance-engineer\advance-engineer-backend\system\CodeIgniter.php(494): CodeIgniter\CodeIgniter->runController(Object(App\Controllers\Company\CompanyController))
#10 E:\mine\advance-engineer\advance-engineer-backend\system\CodeIgniter.php(353): CodeIgniter\CodeIgniter->handleRequest(NULL, Object(Config\Cache), false)
#11 E:\mine\advance-engineer\advance-engineer-backend\public\index.php(76): CodeIgniter\CodeIgniter->run()
#12 E:\mine\advance-engineer\advance-engineer-backend\system\Commands\Server\rewrite.php(47): require_once('E:\\mine\\advance...')
#13 {main}
ERROR - 2025-05-02 10:46:08 --> mysqli_sql_exception: Table 'advance_engineer.company' doesn't exist in E:\mine\advance-engineer\advance-engineer-backend\system\Database\MySQLi\Connection.php:306
Stack trace:
#0 E:\mine\advance-engineer\advance-engineer-backend\system\Database\MySQLi\Connection.php(306): mysqli->query('INSERT INTO `Co...', 0)
#1 E:\mine\advance-engineer\advance-engineer-backend\system\Database\BaseConnection.php(692): CodeIgniter\Database\MySQLi\Connection->execute('INSERT INTO `Co...')
#2 E:\mine\advance-engineer\advance-engineer-backend\system\Database\BaseConnection.php(606): CodeIgniter\Database\BaseConnection->simpleQuery('INSERT INTO `Co...')
#3 E:\mine\advance-engineer\advance-engineer-backend\system\Database\BaseBuilder.php(2308): CodeIgniter\Database\BaseConnection->query('INSERT INTO `Co...', Array, false)
#4 E:\mine\advance-engineer\advance-engineer-backend\system\Model.php(319): CodeIgniter\Database\BaseBuilder->insert()
#5 E:\mine\advance-engineer\advance-engineer-backend\system\BaseModel.php(788): CodeIgniter\Model->doInsert(Array)
#6 E:\mine\advance-engineer\advance-engineer-backend\system\Model.php(715): CodeIgniter\BaseModel->insert(Array, true)
#7 E:\mine\advance-engineer\advance-engineer-backend\app\Controllers\Company\CompanyController.php(74): CodeIgniter\Model->insert(Array)
#8 E:\mine\advance-engineer\advance-engineer-backend\system\CodeIgniter.php(919): App\Controllers\Company\CompanyController->AddCompany()
#9 E:\mine\advance-engineer\advance-engineer-backend\system\CodeIgniter.php(494): CodeIgniter\CodeIgniter->runController(Object(App\Controllers\Company\CompanyController))
#10 E:\mine\advance-engineer\advance-engineer-backend\system\CodeIgniter.php(353): CodeIgniter\CodeIgniter->handleRequest(NULL, Object(Config\Cache), false)
#11 E:\mine\advance-engineer\advance-engineer-backend\public\index.php(76): CodeIgniter\CodeIgniter->run()
#12 E:\mine\advance-engineer\advance-engineer-backend\system\Commands\Server\rewrite.php(47): require_once('E:\\mine\\advance...')
#13 {main}
ERROR - 2025-05-02 10:46:09 --> mysqli_sql_exception: Table 'advance_engineer.company' doesn't exist in E:\mine\advance-engineer\advance-engineer-backend\system\Database\MySQLi\Connection.php:306
Stack trace:
#0 E:\mine\advance-engineer\advance-engineer-backend\system\Database\MySQLi\Connection.php(306): mysqli->query('INSERT INTO `Co...', 0)
#1 E:\mine\advance-engineer\advance-engineer-backend\system\Database\BaseConnection.php(692): CodeIgniter\Database\MySQLi\Connection->execute('INSERT INTO `Co...')
#2 E:\mine\advance-engineer\advance-engineer-backend\system\Database\BaseConnection.php(606): CodeIgniter\Database\BaseConnection->simpleQuery('INSERT INTO `Co...')
#3 E:\mine\advance-engineer\advance-engineer-backend\system\Database\BaseBuilder.php(2308): CodeIgniter\Database\BaseConnection->query('INSERT INTO `Co...', Array, false)
#4 E:\mine\advance-engineer\advance-engineer-backend\system\Model.php(319): CodeIgniter\Database\BaseBuilder->insert()
#5 E:\mine\advance-engineer\advance-engineer-backend\system\BaseModel.php(788): CodeIgniter\Model->doInsert(Array)
#6 E:\mine\advance-engineer\advance-engineer-backend\system\Model.php(715): CodeIgniter\BaseModel->insert(Array, true)
#7 E:\mine\advance-engineer\advance-engineer-backend\app\Controllers\Company\CompanyController.php(74): CodeIgniter\Model->insert(Array)
#8 E:\mine\advance-engineer\advance-engineer-backend\system\CodeIgniter.php(919): App\Controllers\Company\CompanyController->AddCompany()
#9 E:\mine\advance-engineer\advance-engineer-backend\system\CodeIgniter.php(494): CodeIgniter\CodeIgniter->runController(Object(App\Controllers\Company\CompanyController))
#10 E:\mine\advance-engineer\advance-engineer-backend\system\CodeIgniter.php(353): CodeIgniter\CodeIgniter->handleRequest(NULL, Object(Config\Cache), false)
#11 E:\mine\advance-engineer\advance-engineer-backend\public\index.php(76): CodeIgniter\CodeIgniter->run()
#12 E:\mine\advance-engineer\advance-engineer-backend\system\Commands\Server\rewrite.php(47): require_once('E:\\mine\\advance...')
#13 {main}
ERROR - 2025-05-02 10:46:09 --> mysqli_sql_exception: Table 'advance_engineer.company' doesn't exist in E:\mine\advance-engineer\advance-engineer-backend\system\Database\MySQLi\Connection.php:306
Stack trace:
#0 E:\mine\advance-engineer\advance-engineer-backend\system\Database\MySQLi\Connection.php(306): mysqli->query('INSERT INTO `Co...', 0)
#1 E:\mine\advance-engineer\advance-engineer-backend\system\Database\BaseConnection.php(692): CodeIgniter\Database\MySQLi\Connection->execute('INSERT INTO `Co...')
#2 E:\mine\advance-engineer\advance-engineer-backend\system\Database\BaseConnection.php(606): CodeIgniter\Database\BaseConnection->simpleQuery('INSERT INTO `Co...')
#3 E:\mine\advance-engineer\advance-engineer-backend\system\Database\BaseBuilder.php(2308): CodeIgniter\Database\BaseConnection->query('INSERT INTO `Co...', Array, false)
#4 E:\mine\advance-engineer\advance-engineer-backend\system\Model.php(319): CodeIgniter\Database\BaseBuilder->insert()
#5 E:\mine\advance-engineer\advance-engineer-backend\system\BaseModel.php(788): CodeIgniter\Model->doInsert(Array)
#6 E:\mine\advance-engineer\advance-engineer-backend\system\Model.php(715): CodeIgniter\BaseModel->insert(Array, true)
#7 E:\mine\advance-engineer\advance-engineer-backend\app\Controllers\Company\CompanyController.php(74): CodeIgniter\Model->insert(Array)
#8 E:\mine\advance-engineer\advance-engineer-backend\system\CodeIgniter.php(919): App\Controllers\Company\CompanyController->AddCompany()
#9 E:\mine\advance-engineer\advance-engineer-backend\system\CodeIgniter.php(494): CodeIgniter\CodeIgniter->runController(Object(App\Controllers\Company\CompanyController))
#10 E:\mine\advance-engineer\advance-engineer-backend\system\CodeIgniter.php(353): CodeIgniter\CodeIgniter->handleRequest(NULL, Object(Config\Cache), false)
#11 E:\mine\advance-engineer\advance-engineer-backend\public\index.php(76): CodeIgniter\CodeIgniter->run()
#12 E:\mine\advance-engineer\advance-engineer-backend\system\Commands\Server\rewrite.php(47): require_once('E:\\mine\\advance...')
#13 {main}
ERROR - 2025-05-02 10:47:05 --> mysqli_sql_exception: Table 'advance_engineer.company' doesn't exist in E:\mine\advance-engineer\advance-engineer-backend\system\Database\MySQLi\Connection.php:306
Stack trace:
#0 E:\mine\advance-engineer\advance-engineer-backend\system\Database\MySQLi\Connection.php(306): mysqli->query('INSERT INTO `Co...', 0)
#1 E:\mine\advance-engineer\advance-engineer-backend\system\Database\BaseConnection.php(692): CodeIgniter\Database\MySQLi\Connection->execute('INSERT INTO `Co...')
#2 E:\mine\advance-engineer\advance-engineer-backend\system\Database\BaseConnection.php(606): CodeIgniter\Database\BaseConnection->simpleQuery('INSERT INTO `Co...')
#3 E:\mine\advance-engineer\advance-engineer-backend\system\Database\BaseBuilder.php(2308): CodeIgniter\Database\BaseConnection->query('INSERT INTO `Co...', Array, false)
#4 E:\mine\advance-engineer\advance-engineer-backend\system\Model.php(319): CodeIgniter\Database\BaseBuilder->insert()
#5 E:\mine\advance-engineer\advance-engineer-backend\system\BaseModel.php(788): CodeIgniter\Model->doInsert(Array)
#6 E:\mine\advance-engineer\advance-engineer-backend\system\Model.php(715): CodeIgniter\BaseModel->insert(Array, true)
#7 E:\mine\advance-engineer\advance-engineer-backend\app\Controllers\Company\CompanyController.php(74): CodeIgniter\Model->insert(Array)
#8 E:\mine\advance-engineer\advance-engineer-backend\system\CodeIgniter.php(919): App\Controllers\Company\CompanyController->AddCompany()
#9 E:\mine\advance-engineer\advance-engineer-backend\system\CodeIgniter.php(494): CodeIgniter\CodeIgniter->runController(Object(App\Controllers\Company\CompanyController))
#10 E:\mine\advance-engineer\advance-engineer-backend\system\CodeIgniter.php(353): CodeIgniter\CodeIgniter->handleRequest(NULL, Object(Config\Cache), false)
#11 E:\mine\advance-engineer\advance-engineer-backend\public\index.php(76): CodeIgniter\CodeIgniter->run()
#12 E:\mine\advance-engineer\advance-engineer-backend\system\Commands\Server\rewrite.php(47): require_once('E:\\mine\\advance...')
#13 {main}
ERROR - 2025-05-02 10:47:07 --> mysqli_sql_exception: Table 'advance_engineer.company' doesn't exist in E:\mine\advance-engineer\advance-engineer-backend\system\Database\MySQLi\Connection.php:306
Stack trace:
#0 E:\mine\advance-engineer\advance-engineer-backend\system\Database\MySQLi\Connection.php(306): mysqli->query('INSERT INTO `Co...', 0)
#1 E:\mine\advance-engineer\advance-engineer-backend\system\Database\BaseConnection.php(692): CodeIgniter\Database\MySQLi\Connection->execute('INSERT INTO `Co...')
#2 E:\mine\advance-engineer\advance-engineer-backend\system\Database\BaseConnection.php(606): CodeIgniter\Database\BaseConnection->simpleQuery('INSERT INTO `Co...')
#3 E:\mine\advance-engineer\advance-engineer-backend\system\Database\BaseBuilder.php(2308): CodeIgniter\Database\BaseConnection->query('INSERT INTO `Co...', Array, false)
#4 E:\mine\advance-engineer\advance-engineer-backend\system\Model.php(319): CodeIgniter\Database\BaseBuilder->insert()
#5 E:\mine\advance-engineer\advance-engineer-backend\system\BaseModel.php(788): CodeIgniter\Model->doInsert(Array)
#6 E:\mine\advance-engineer\advance-engineer-backend\system\Model.php(715): CodeIgniter\BaseModel->insert(Array, true)
#7 E:\mine\advance-engineer\advance-engineer-backend\app\Controllers\Company\CompanyController.php(74): CodeIgniter\Model->insert(Array)
#8 E:\mine\advance-engineer\advance-engineer-backend\system\CodeIgniter.php(919): App\Controllers\Company\CompanyController->AddCompany()
#9 E:\mine\advance-engineer\advance-engineer-backend\system\CodeIgniter.php(494): CodeIgniter\CodeIgniter->runController(Object(App\Controllers\Company\CompanyController))
#10 E:\mine\advance-engineer\advance-engineer-backend\system\CodeIgniter.php(353): CodeIgniter\CodeIgniter->handleRequest(NULL, Object(Config\Cache), false)
#11 E:\mine\advance-engineer\advance-engineer-backend\public\index.php(76): CodeIgniter\CodeIgniter->run()
#12 E:\mine\advance-engineer\advance-engineer-backend\system\Commands\Server\rewrite.php(47): require_once('E:\\mine\\advance...')
#13 {main}
ERROR - 2025-05-02 10:48:48 --> mysqli_sql_exception: Table 'advance_engineer.company' doesn't exist in E:\mine\advance-engineer\advance-engineer-backend\system\Database\MySQLi\Connection.php:306
Stack trace:
#0 E:\mine\advance-engineer\advance-engineer-backend\system\Database\MySQLi\Connection.php(306): mysqli->query('INSERT INTO `Co...', 0)
#1 E:\mine\advance-engineer\advance-engineer-backend\system\Database\BaseConnection.php(692): CodeIgniter\Database\MySQLi\Connection->execute('INSERT INTO `Co...')
#2 E:\mine\advance-engineer\advance-engineer-backend\system\Database\BaseConnection.php(606): CodeIgniter\Database\BaseConnection->simpleQuery('INSERT INTO `Co...')
#3 E:\mine\advance-engineer\advance-engineer-backend\system\Database\BaseBuilder.php(2308): CodeIgniter\Database\BaseConnection->query('INSERT INTO `Co...', Array, false)
#4 E:\mine\advance-engineer\advance-engineer-backend\system\Model.php(319): CodeIgniter\Database\BaseBuilder->insert()
#5 E:\mine\advance-engineer\advance-engineer-backend\system\BaseModel.php(788): CodeIgniter\Model->doInsert(Array)
#6 E:\mine\advance-engineer\advance-engineer-backend\system\Model.php(715): CodeIgniter\BaseModel->insert(Array, true)
#7 E:\mine\advance-engineer\advance-engineer-backend\app\Controllers\Company\CompanyController.php(74): CodeIgniter\Model->insert(Array)
#8 E:\mine\advance-engineer\advance-engineer-backend\system\CodeIgniter.php(919): App\Controllers\Company\CompanyController->AddCompany()
#9 E:\mine\advance-engineer\advance-engineer-backend\system\CodeIgniter.php(494): CodeIgniter\CodeIgniter->runController(Object(App\Controllers\Company\CompanyController))
#10 E:\mine\advance-engineer\advance-engineer-backend\system\CodeIgniter.php(353): CodeIgniter\CodeIgniter->handleRequest(NULL, Object(Config\Cache), false)
#11 E:\mine\advance-engineer\advance-engineer-backend\public\index.php(76): CodeIgniter\CodeIgniter->run()
#12 E:\mine\advance-engineer\advance-engineer-backend\system\Commands\Server\rewrite.php(47): require_once('E:\\mine\\advance...')
#13 {main}
ERROR - 2025-05-02 10:59:29 --> mysqli_sql_exception: Table 'advance_engineer.plant' doesn't exist in E:\mine\advance-engineer\advance-engineer-backend\system\Database\MySQLi\Connection.php:306
Stack trace:
#0 E:\mine\advance-engineer\advance-engineer-backend\system\Database\MySQLi\Connection.php(306): mysqli->query('SELECT *\nFROM `...', 0)
#1 E:\mine\advance-engineer\advance-engineer-backend\system\Database\BaseConnection.php(692): CodeIgniter\Database\MySQLi\Connection->execute('SELECT *\nFROM `...')
#2 E:\mine\advance-engineer\advance-engineer-backend\system\Database\BaseConnection.php(606): CodeIgniter\Database\BaseConnection->simpleQuery('SELECT *\nFROM `...')
#3 E:\mine\advance-engineer\advance-engineer-backend\system\Database\BaseBuilder.php(1615): CodeIgniter\Database\BaseConnection->query('SELECT *\nFROM `...', Array, false)
#4 E:\mine\advance-engineer\advance-engineer-backend\system\Model.php(237): CodeIgniter\Database\BaseBuilder->get()
#5 E:\mine\advance-engineer\advance-engineer-backend\system\BaseModel.php(624): CodeIgniter\Model->doFindAll(0, 0)
#6 E:\mine\advance-engineer\advance-engineer-backend\app\Controllers\Plant\PlantController.php(91): CodeIgniter\BaseModel->findAll()
#7 E:\mine\advance-engineer\advance-engineer-backend\system\CodeIgniter.php(919): App\Controllers\Plant\PlantController->GetPlant()
#8 E:\mine\advance-engineer\advance-engineer-backend\system\CodeIgniter.php(494): CodeIgniter\CodeIgniter->runController(Object(App\Controllers\Plant\PlantController))
#9 E:\mine\advance-engineer\advance-engineer-backend\system\CodeIgniter.php(353): CodeIgniter\CodeIgniter->handleRequest(NULL, Object(Config\Cache), false)
#10 E:\mine\advance-engineer\advance-engineer-backend\public\index.php(76): CodeIgniter\CodeIgniter->run()
#11 E:\mine\advance-engineer\advance-engineer-backend\system\Commands\Server\rewrite.php(47): require_once('E:\\mine\\advance...')
#12 {main}
ERROR - 2025-05-02 10:59:29 --> mysqli_sql_exception: Table 'advance_engineer.plant' doesn't exist in E:\mine\advance-engineer\advance-engineer-backend\system\Database\MySQLi\Connection.php:306
Stack trace:
#0 E:\mine\advance-engineer\advance-engineer-backend\system\Database\MySQLi\Connection.php(306): mysqli->query('SELECT *\nFROM `...', 0)
#1 E:\mine\advance-engineer\advance-engineer-backend\system\Database\BaseConnection.php(692): CodeIgniter\Database\MySQLi\Connection->execute('SELECT *\nFROM `...')
#2 E:\mine\advance-engineer\advance-engineer-backend\system\Database\BaseConnection.php(606): CodeIgniter\Database\BaseConnection->simpleQuery('SELECT *\nFROM `...')
#3 E:\mine\advance-engineer\advance-engineer-backend\system\Database\BaseBuilder.php(1615): CodeIgniter\Database\BaseConnection->query('SELECT *\nFROM `...', Array, false)
#4 E:\mine\advance-engineer\advance-engineer-backend\system\Model.php(237): CodeIgniter\Database\BaseBuilder->get()
#5 E:\mine\advance-engineer\advance-engineer-backend\system\BaseModel.php(624): CodeIgniter\Model->doFindAll(0, 0)
#6 E:\mine\advance-engineer\advance-engineer-backend\app\Controllers\Plant\PlantController.php(91): CodeIgniter\BaseModel->findAll()
#7 E:\mine\advance-engineer\advance-engineer-backend\system\CodeIgniter.php(919): App\Controllers\Plant\PlantController->GetPlant()
#8 E:\mine\advance-engineer\advance-engineer-backend\system\CodeIgniter.php(494): CodeIgniter\CodeIgniter->runController(Object(App\Controllers\Plant\PlantController))
#9 E:\mine\advance-engineer\advance-engineer-backend\system\CodeIgniter.php(353): CodeIgniter\CodeIgniter->handleRequest(NULL, Object(Config\Cache), false)
#10 E:\mine\advance-engineer\advance-engineer-backend\public\index.php(76): CodeIgniter\CodeIgniter->run()
#11 E:\mine\advance-engineer\advance-engineer-backend\system\Commands\Server\rewrite.php(47): require_once('E:\\mine\\advance...')
#12 {main}
ERROR - 2025-05-02 11:09:43 --> mysqli_sql_exception: Unknown column 'allow_page' in 'field list' in E:\mine\advance-engineer\advance-engineer-backend\system\Database\MySQLi\Connection.php:306
Stack trace:
#0 E:\mine\advance-engineer\advance-engineer-backend\system\Database\MySQLi\Connection.php(306): mysqli->query('INSERT INTO `em...', 0)
#1 E:\mine\advance-engineer\advance-engineer-backend\system\Database\BaseConnection.php(692): CodeIgniter\Database\MySQLi\Connection->execute('INSERT INTO `em...')
#2 E:\mine\advance-engineer\advance-engineer-backend\system\Database\BaseConnection.php(606): CodeIgniter\Database\BaseConnection->simpleQuery('INSERT INTO `em...')
#3 E:\mine\advance-engineer\advance-engineer-backend\system\Database\BaseBuilder.php(2308): CodeIgniter\Database\BaseConnection->query('INSERT INTO `em...', Array, false)
#4 E:\mine\advance-engineer\advance-engineer-backend\system\Model.php(319): CodeIgniter\Database\BaseBuilder->insert()
#5 E:\mine\advance-engineer\advance-engineer-backend\system\BaseModel.php(788): CodeIgniter\Model->doInsert(Array)
#6 E:\mine\advance-engineer\advance-engineer-backend\system\Model.php(715): CodeIgniter\BaseModel->insert(Array, true)
#7 E:\mine\advance-engineer\advance-engineer-backend\app\Controllers\Employee\EmployeeController.php(67): CodeIgniter\Model->insert(Array)
#8 E:\mine\advance-engineer\advance-engineer-backend\system\CodeIgniter.php(919): App\Controllers\Employee\EmployeeController->AddEmployee()
#9 E:\mine\advance-engineer\advance-engineer-backend\system\CodeIgniter.php(494): CodeIgniter\CodeIgniter->runController(Object(App\Controllers\Employee\EmployeeController))
#10 E:\mine\advance-engineer\advance-engineer-backend\system\CodeIgniter.php(353): CodeIgniter\CodeIgniter->handleRequest(NULL, Object(Config\Cache), false)
#11 E:\mine\advance-engineer\advance-engineer-backend\public\index.php(76): CodeIgniter\CodeIgniter->run()
#12 E:\mine\advance-engineer\advance-engineer-backend\system\Commands\Server\rewrite.php(47): require_once('E:\\mine\\advance...')
#13 {main}
ERROR - 2025-05-02 11:09:52 --> mysqli_sql_exception: Unknown column 'allow_page' in 'field list' in E:\mine\advance-engineer\advance-engineer-backend\system\Database\MySQLi\Connection.php:306
Stack trace:
#0 E:\mine\advance-engineer\advance-engineer-backend\system\Database\MySQLi\Connection.php(306): mysqli->query('INSERT INTO `em...', 0)
#1 E:\mine\advance-engineer\advance-engineer-backend\system\Database\BaseConnection.php(692): CodeIgniter\Database\MySQLi\Connection->execute('INSERT INTO `em...')
#2 E:\mine\advance-engineer\advance-engineer-backend\system\Database\BaseConnection.php(606): CodeIgniter\Database\BaseConnection->simpleQuery('INSERT INTO `em...')
#3 E:\mine\advance-engineer\advance-engineer-backend\system\Database\BaseBuilder.php(2308): CodeIgniter\Database\BaseConnection->query('INSERT INTO `em...', Array, false)
#4 E:\mine\advance-engineer\advance-engineer-backend\system\Model.php(319): CodeIgniter\Database\BaseBuilder->insert()
#5 E:\mine\advance-engineer\advance-engineer-backend\system\BaseModel.php(788): CodeIgniter\Model->doInsert(Array)
#6 E:\mine\advance-engineer\advance-engineer-backend\system\Model.php(715): CodeIgniter\BaseModel->insert(Array, true)
#7 E:\mine\advance-engineer\advance-engineer-backend\app\Controllers\Employee\EmployeeController.php(67): CodeIgniter\Model->insert(Array)
#8 E:\mine\advance-engineer\advance-engineer-backend\system\CodeIgniter.php(919): App\Controllers\Employee\EmployeeController->AddEmployee()
#9 E:\mine\advance-engineer\advance-engineer-backend\system\CodeIgniter.php(494): CodeIgniter\CodeIgniter->runController(Object(App\Controllers\Employee\EmployeeController))
#10 E:\mine\advance-engineer\advance-engineer-backend\system\CodeIgniter.php(353): CodeIgniter\CodeIgniter->handleRequest(NULL, Object(Config\Cache), false)
#11 E:\mine\advance-engineer\advance-engineer-backend\public\index.php(76): CodeIgniter\CodeIgniter->run()
#12 E:\mine\advance-engineer\advance-engineer-backend\system\Commands\Server\rewrite.php(47): require_once('E:\\mine\\advance...')
#13 {main}
CRITICAL - 2025-05-02 12:58:03 --> Cannot access offset of type string on string
in APPPATH\Controllers\Authentication\LoginController.php on line 82.
 1 SYSTEMPATH\CodeIgniter.php(919): App\Controllers\Authentication\LoginController->crmLogin()
 2 SYSTEMPATH\CodeIgniter.php(494): CodeIgniter\CodeIgniter->runController(Object(App\Controllers\Authentication\LoginController))
 3 SYSTEMPATH\CodeIgniter.php(353): CodeIgniter\CodeIgniter->handleRequest(null, Object(Config\Cache), false)
 4 FCPATH\index.php(76): CodeIgniter\CodeIgniter->run()
 5 SYSTEMPATH\Commands\Server\rewrite.php(47): require_once('E:\\mine\\advance-engineer\\advance-engineer-backend\\public\\index.php')
CRITICAL - 2025-05-02 12:58:29 --> Cannot access offset of type string on string
in APPPATH\Controllers\Authentication\LoginController.php on line 82.
 1 SYSTEMPATH\CodeIgniter.php(919): App\Controllers\Authentication\LoginController->crmLogin()
 2 SYSTEMPATH\CodeIgniter.php(494): CodeIgniter\CodeIgniter->runController(Object(App\Controllers\Authentication\LoginController))
 3 SYSTEMPATH\CodeIgniter.php(353): CodeIgniter\CodeIgniter->handleRequest(null, Object(Config\Cache), false)
 4 FCPATH\index.php(76): CodeIgniter\CodeIgniter->run()
 5 SYSTEMPATH\Commands\Server\rewrite.php(47): require_once('E:\\mine\\advance-engineer\\advance-engineer-backend\\public\\index.php')
CRITICAL - 2025-05-02 12:58:55 --> Trying to access array offset on value of type null
in APPPATH\Controllers\Authentication\LoginController.php on line 84.
 1 APPPATH\Controllers\Authentication\LoginController.php(84): CodeIgniter\Debug\Exceptions->errorHandler(2, 'Trying to access array offset on value of type null', 'E:\\mine\\advance-engineer\\advance-engineer-backend\\app\\Controllers\\Authentication\\LoginController.php', 84)
 2 SYSTEMPATH\CodeIgniter.php(919): App\Controllers\Authentication\LoginController->crmLogin()
 3 SYSTEMPATH\CodeIgniter.php(494): CodeIgniter\CodeIgniter->runController(Object(App\Controllers\Authentication\LoginController))
 4 SYSTEMPATH\CodeIgniter.php(353): CodeIgniter\CodeIgniter->handleRequest(null, Object(Config\Cache), false)
 5 FCPATH\index.php(76): CodeIgniter\CodeIgniter->run()
 6 SYSTEMPATH\Commands\Server\rewrite.php(47): require_once('E:\\mine\\advance-engineer\\advance-engineer-backend\\public\\index.php')
CRITICAL - 2025-05-02 12:59:47 --> Cannot use object of type stdClass as array
in APPPATH\Controllers\Authentication\LoginController.php on line 84.
 1 SYSTEMPATH\CodeIgniter.php(919): App\Controllers\Authentication\LoginController->crmLogin()
 2 SYSTEMPATH\CodeIgniter.php(494): CodeIgniter\CodeIgniter->runController(Object(App\Controllers\Authentication\LoginController))
 3 SYSTEMPATH\CodeIgniter.php(353): CodeIgniter\CodeIgniter->handleRequest(null, Object(Config\Cache), false)
 4 FCPATH\index.php(76): CodeIgniter\CodeIgniter->run()
 5 SYSTEMPATH\Commands\Server\rewrite.php(47): require_once('E:\\mine\\advance-engineer\\advance-engineer-backend\\public\\index.php')
CRITICAL - 2025-05-02 13:06:07 --> Undefined property: stdClass::$user_ip_address
in APPPATH\Controllers\Authentication\LoginController.php on line 84.
 1 APPPATH\Controllers\Authentication\LoginController.php(84): CodeIgniter\Debug\Exceptions->errorHandler(2, 'Undefined property: stdClass::$user_ip_address', 'E:\\mine\\advance-engineer\\advance-engineer-backend\\app\\Controllers\\Authentication\\LoginController.php', 84)
 2 SYSTEMPATH\CodeIgniter.php(919): App\Controllers\Authentication\LoginController->crmLogin()
 3 SYSTEMPATH\CodeIgniter.php(494): CodeIgniter\CodeIgniter->runController(Object(App\Controllers\Authentication\LoginController))
 4 SYSTEMPATH\CodeIgniter.php(353): CodeIgniter\CodeIgniter->handleRequest(null, Object(Config\Cache), false)
 5 FCPATH\index.php(76): CodeIgniter\CodeIgniter->run()
 6 SYSTEMPATH\Commands\Server\rewrite.php(47): require_once('E:\\mine\\advance-engineer\\advance-engineer-backend\\public\\index.php')
